d:\grsim-master\obj\release\graphics.obj
d:\grsim-master\obj\release\pground.obj
d:\grsim-master\obj\release\robocup_ssl_server.obj
d:\grsim-master\obj\release\ssl_gc_common.pb.obj
d:\grsim-master\obj\release\main.obj
d:\grsim-master\obj\release\grsim_replacement.pb.obj
d:\grsim-master\obj\release\ssl_simulation_robot_feedback.pb.obj
d:\grsim-master\obj\release\robot.obj
d:\grsim-master\obj\release\moc_glwidget.obj
d:\grsim-master\obj\release\logger.obj
d:\grsim-master\obj\release\pray.obj
d:\grsim-master\obj\release\moc_getpositionwidget.obj
d:\grsim-master\obj\release\qrc_textures.obj
d:\grsim-master\obj\release\ssl_simulation_error.pb.obj
d:\grsim-master\obj\release\configwidget.obj
d:\grsim-master\obj\release\moc_configwidget.obj
d:\grsim-master\obj\release\ssl_simulation_control.pb.obj
d:\grsim-master\obj\release\glwidget.obj
d:\grsim-master\obj\release\grsim_packet.pb.obj
d:\grsim-master\obj\release\ssl_simulation_synchronous.pb.obj
d:\grsim-master\obj\release\robotwidget.obj
d:\grsim-master\obj\release\moc_mainwindow.obj
d:\grsim-master\obj\release\ssl_vision_wrapper.pb.obj
d:\grsim-master\obj\release\mainwindow.obj
d:\grsim-master\obj\release\grsim_commands.pb.obj
d:\grsim-master\obj\release\ssl_vision_detection.pb.obj
d:\grsim-master\obj\release\pworld.obj
d:\grsim-master\obj\release\pfixedbox.obj
d:\grsim-master\obj\release\ssl_simulation_config.pb.obj
d:\grsim-master\obj\release\statuswidget.obj
d:\grsim-master\obj\release\pball.obj
d:\grsim-master\obj\release\pbox.obj
d:\grsim-master\obj\release\moc_robotwidget.obj
d:\grsim-master\obj\release\ssl_simulation_robot_control.pb.obj
d:\grsim-master\obj\release\sslworld.obj
d:\grsim-master\obj\release\grsim_robotstatus.pb.obj
d:\grsim-master\obj\release\ssl_vision_geometry.pb.obj
d:\grsim-master\obj\release\pobject.obj
d:\grsim-master\obj\release\pcylinder.obj
d:\grsim-master\obj\release\moc_statuswidget.obj
d:\grsim-master\obj\release\moc_sslworld.obj
d:\grsim-master\obj\release\getpositionwidget.obj
d:\grsim-master\obj\release\robocup_ssl_client.obj
d:\grsim-master\obj\release\vc143.pdb
d:\grsim-master\windows\grsim\x64\release\generated\moc_mainwindow.cpp
d:\grsim-master\windows\grsim\x64\release\generated\moc_glwidget.cpp
d:\grsim-master\windows\grsim\x64\release\generated\moc_configwidget.cpp
d:\grsim-master\windows\grsim\x64\release\generated\moc_statuswidget.cpp
d:\grsim-master\windows\grsim\x64\release\generated\moc_robotwidget.cpp
d:\grsim-master\windows\grsim\x64\release\generated\moc_getpositionwidget.cpp
d:\grsim-master\windows\grsim\x64\release\generated\moc_sslworld.cpp
d:\grsim-master\windows\grsim\x64\release\generated\qrc_textures.cpp
d:\grsim-master\windows\grsim\x64\release\generated\grsim_commands.pb.cc
d:\grsim-master\windows\grsim\x64\release\generated\grsim_commands.pb.h
d:\grsim-master\windows\grsim\x64\release\generated\grsim_packet.pb.cc
d:\grsim-master\windows\grsim\x64\release\generated\grsim_packet.pb.h
d:\grsim-master\windows\grsim\x64\release\generated\grsim_replacement.pb.cc
d:\grsim-master\windows\grsim\x64\release\generated\grsim_replacement.pb.h
d:\grsim-master\windows\grsim\x64\release\generated\grsim_robotstatus.pb.cc
d:\grsim-master\windows\grsim\x64\release\generated\grsim_robotstatus.pb.h
d:\grsim-master\windows\grsim\x64\release\generated\ssl_gc_common.pb.cc
d:\grsim-master\windows\grsim\x64\release\generated\ssl_gc_common.pb.h
d:\grsim-master\windows\grsim\x64\release\generated\ssl_simulation_config.pb.cc
d:\grsim-master\windows\grsim\x64\release\generated\ssl_simulation_config.pb.h
d:\grsim-master\windows\grsim\x64\release\generated\ssl_simulation_control.pb.cc
d:\grsim-master\windows\grsim\x64\release\generated\ssl_simulation_control.pb.h
d:\grsim-master\windows\grsim\x64\release\generated\ssl_simulation_error.pb.cc
d:\grsim-master\windows\grsim\x64\release\generated\ssl_simulation_error.pb.h
d:\grsim-master\windows\grsim\x64\release\generated\ssl_simulation_robot_control.pb.cc
d:\grsim-master\windows\grsim\x64\release\generated\ssl_simulation_robot_control.pb.h
d:\grsim-master\windows\grsim\x64\release\generated\ssl_simulation_robot_feedback.pb.cc
d:\grsim-master\windows\grsim\x64\release\generated\ssl_simulation_robot_feedback.pb.h
d:\grsim-master\windows\grsim\x64\release\generated\ssl_simulation_synchronous.pb.cc
d:\grsim-master\windows\grsim\x64\release\generated\ssl_simulation_synchronous.pb.h
d:\grsim-master\windows\grsim\x64\release\generated\ssl_vision_detection.pb.cc
d:\grsim-master\windows\grsim\x64\release\generated\ssl_vision_detection.pb.h
d:\grsim-master\windows\grsim\x64\release\generated\ssl_vision_geometry.pb.cc
d:\grsim-master\windows\grsim\x64\release\generated\ssl_vision_geometry.pb.h
d:\grsim-master\windows\grsim\x64\release\generated\ssl_vision_wrapper.pb.cc
d:\grsim-master\windows\grsim\x64\release\generated\ssl_vision_wrapper.pb.h
d:\grsim-master\bin\grsim.exe
d:\grsim-master\bin\grsim.pdb
d:\grsim-master\obj\release\grsim.res
d:\grsim-master\obj\release\grsim.ipdb
d:\grsim-master\obj\release\grsim.iobj
d:\grsim-master\windows\..\bin\grsim.pdb
d:\grsim-master\windows\..\obj\release\grsim.vcxproj.filelistabsolute.txt
d:\grsim-master\obj\release\grsim.tlog\cl.11180.write.1.tlog
d:\grsim-master\obj\release\grsim.tlog\cl.command.1.tlog
d:\grsim-master\obj\release\grsim.tlog\cl.items.tlog
d:\grsim-master\obj\release\grsim.tlog\cl.read.1.tlog
d:\grsim-master\obj\release\grsim.tlog\custombuild.command.1.tlog
d:\grsim-master\obj\release\grsim.tlog\custombuild.read.1.tlog
d:\grsim-master\obj\release\grsim.tlog\custombuild.write.1.tlog
d:\grsim-master\obj\release\grsim.tlog\link.command.1.tlog
d:\grsim-master\obj\release\grsim.tlog\link.read.1.tlog
d:\grsim-master\obj\release\grsim.tlog\link.secondary.1.tlog
d:\grsim-master\obj\release\grsim.tlog\link.write.1.tlog
d:\grsim-master\obj\release\grsim.tlog\rc.command.1.tlog
d:\grsim-master\obj\release\grsim.tlog\rc.read.1.tlog
d:\grsim-master\obj\release\grsim.tlog\rc.write.1.tlog
