
D:\grSim-master\bin\Qt5Core.dll
D:\grSim-master\bin\zlib1.dll
D:\grSim-master\bin\double-conversion.dll
D:\grSim-master\bin\pcre2-16.dll
D:\grSim-master\bin\Qt5Gui.dll
D:\grSim-master\bin\plugins\platforms\qwindows.dll
D:\grSim-master\bin\plugins\imageformats\qgif.dll
D:\grSim-master\bin\plugins\imageformats\qicns.dll
D:\grSim-master\bin\plugins\imageformats\qico.dll
D:\grSim-master\bin\plugins\imageformats\qjpeg.dll
D:\grSim-master\bin\jpeg62.dll
D:\grSim-master\bin\plugins\imageformats\qsvg.dll
D:\grSim-master\bin\Qt5Svg.dll
D:\grSim-master\bin\Qt5Widgets.dll
D:\grSim-master\bin\plugins\imageformats\qtga.dll
D:\grSim-master\bin\plugins\imageformats\qtiff.dll
D:\grSim-master\bin\tiff.dll
D:\grSim-master\bin\liblzma.dll
D:\grSim-master\bin\plugins\imageformats\qwbmp.dll
D:\grSim-master\bin\plugins\imageformats\qwebp.dll
D:\grSim-master\bin\libwebpdemux.dll
D:\grSim-master\bin\libwebp.dll
D:\grSim-master\bin\libsharpyuv.dll
D:\grSim-master\bin\libwebpmux.dll
D:\grSim-master\bin\plugins\iconengines\qsvgicon.dll
D:\grSim-master\bin\plugins\styles\qwindowsvistastyle.dll
D:\grSim-master\bin\libpng16.dll
D:\grSim-master\bin\harfbuzz.dll
D:\grSim-master\bin\freetype.dll
D:\grSim-master\bin\bz2.dll
D:\grSim-master\bin\brotlidec.dll
D:\grSim-master\bin\brotlicommon.dll
D:\grSim-master\bin\md4c.dll
D:\grSim-master\bin\Qt5OpenGL.dll
D:\grSim-master\bin\Qt5Network.dll
D:\grSim-master\bin\plugins\bearer\qgenericbearer.dll
D:\grSim-master\bin\libcrypto-*-x64.dll
D:\grSim-master\bin\libssl-*-x64.dll
D:\grSim-master\bin\libcrypto-*.dll
D:\grSim-master\bin\libssl-*.dll
D:\grSim-master\bin\libssl-3-x64.dll
D:\grSim-master\bin\libcrypto-3-x64.dll
D:\grSim-master\bin\ode_double.dll
D:\grSim-master\bin\libprotobuf.dll
D:\grSim-master\bin\abseil_dll.dll
